<?xml version="1.0" encoding="UTF-8"?>
<coverage generated="1629759897086" clover="3.2.0">
  <project timestamp="1629759897086" name="All files">
    <metrics statements="6" coveredstatements="5" conditionals="0" coveredconditionals="0" methods="3" coveredmethods="2" elements="9" coveredelements="7" complexity="0" loc="6" ncloc="6" packages="1" files="2" classes="2"/>
    <file name="arreglos.js" path="/home/sebita/Data/Cursos/Self/Jest/Modulo 1 - Intro/src/arreglos.js">
      <metrics statements="3" coveredstatements="2" conditionals="0" coveredconditionals="0" methods="2" coveredmethods="1"/>
      <line num="2" count="3" type="stmt"/>
      <line num="11" count="0" type="stmt"/>
      <line num="18" count="1" type="stmt"/>
    </file>
    <file name="sum.js" path="/home/sebita/Data/Cursos/Self/Jest/Modulo 1 - Intro/src/sum.js">
      <metrics statements="3" coveredstatements="3" conditionals="0" coveredconditionals="0" methods="1" coveredmethods="1"/>
      <line num="1" count="1" type="stmt"/>
      <line num="2" count="2" type="stmt"/>
      <line num="5" count="1" type="stmt"/>
    </file>
  </project>
</coverage>
