TN:
SF:app.js
FN:14,(anonymous_0)
FNF:1
FNH:0
FNDA:0,(anonymous_0)
DA:1,1
DA:2,1
DA:3,1
DA:5,1
DA:8,1
DA:9,1
DA:11,1
DA:14,1
DA:15,0
DA:16,0
DA:20,1
DA:23,1
DA:25,1
LF:13
LH:11
BRF:0
BRH:0
end_of_record
TN:
SF:api/Producto.js
FN:2,(anonymous_0)
FN:6,(anonymous_1)
FN:15,(anonymous_2)
FN:16,(anonymous_3)
FN:24,(anonymous_4)
FN:31,(anonymous_5)
FN:32,(anonymous_6)
FN:41,(anonymous_7)
FN:42,(anonymous_8)
FNF:9
FNH:9
FNDA:1,(anonymous_0)
FNDA:3,(anonymous_1)
FNDA:2,(anonymous_2)
FNDA:3,(anonymous_3)
FNDA:2,(anonymous_4)
FNDA:2,(anonymous_5)
FNDA:3,(anonymous_6)
FNDA:2,(anonymous_7)
FNDA:2,(anonymous_8)
DA:3,1
DA:7,3
DA:8,1
DA:11,2
DA:16,3
DA:17,2
DA:18,1
DA:20,1
DA:25,2
DA:27,2
DA:28,2
DA:32,3
DA:33,2
DA:34,1
DA:35,1
DA:37,1
DA:42,2
DA:43,2
DA:44,1
DA:45,1
DA:46,1
DA:48,1
DA:54,1
LF:23
LH:23
BRDA:7,0,0,1
BRDA:7,0,1,2
BRDA:17,1,0,1
BRDA:17,1,1,1
BRDA:33,2,0,1
BRDA:33,2,1,1
BRDA:43,3,0,1
BRDA:43,3,1,1
BRF:8
BRH:8
end_of_record
TN:
SF:routes/routerProductos.js
FN:9,(anonymous_0)
FN:15,(anonymous_1)
FN:21,(anonymous_2)
FN:27,(anonymous_3)
FN:32,(anonymous_4)
FNF:5
FNH:5
FNDA:3,(anonymous_0)
FNDA:2,(anonymous_1)
FNDA:2,(anonymous_2)
FNDA:2,(anonymous_3)
FNDA:2,(anonymous_4)
DA:1,1
DA:2,1
DA:4,1
DA:6,1
DA:9,1
DA:10,3
DA:11,3
DA:15,1
DA:16,2
DA:17,2
DA:21,1
DA:22,2
DA:23,2
DA:24,2
DA:27,1
DA:28,2
DA:29,2
DA:32,1
DA:33,2
DA:34,2
DA:37,1
LF:21
LH:21
BRF:0
BRH:0
end_of_record
